<?xml version="1.0" encoding="UTF-8"?>
<!-- Generated by org.testng.reporters.JUnitReportReporter -->
<testsuite skipped="0" hostname="Anusha" name="com.mmp.admin_login.LoginTest" tests="8" failures="0" timestamp="17 Sep 2017 19:00:50 GMT" time="106.722" errors="0">
  <testcase name="logInWithValid" time="23.411" classname="com.mmp.admin_login.LoginTest"/>
  <testcase name="logInWithInvalid" time="12.634" classname="com.mmp.admin_login.LoginTest"/>
  <testcase name="logInWithInvalid" time="11.752" classname="com.mmp.admin_login.LoginTest"/>
  <testcase name="logInWithInvalid" time="11.839" classname="com.mmp.admin_login.LoginTest"/>
  <testcase name="logInWithBlank" time="11.170" classname="com.mmp.admin_login.LoginTest"/>
  <testcase name="forgotPwordLink" time="12.452" classname="com.mmp.admin_login.LoginTest"/>
  <testcase name="forgotPwordValid" time="11.932" classname="com.mmp.admin_login.LoginTest"/>
  <testcase name="forgotPwordInvalid" time="11.532" classname="com.mmp.admin_login.LoginTest"/>
</testsuite> <!-- com.mmp.admin_login.LoginTest -->
